<?xml version="1.0" encoding="UTF-8"?>
<robot generator="Robot 6.1.1 (Python 3.12.1 on win32)" generated="20240409 14:28:18.035" rpa="false" schemaversion="4">
<suite id="s1" name="PathologyLab" source="C:\Users\Muzammil\OneDrive\Desktop\Projects\Testing Projects\PathologyLab">
<suite id="s1-s1" name="Suites" source="C:\Users\Muzammil\OneDrive\Desktop\Projects\Testing Projects\PathologyLab\suites">
<suite id="s1-s1-s1" name="loginTest" source="C:\Users\Muzammil\OneDrive\Desktop\Projects\Testing Projects\PathologyLab\suites\loginTest.robot">
<test id="s1-s1-s1-t1" name="TC_LOGIN_01" line="12">
<kw name="Setup Browser" library="setup" type="SETUP">
<kw name="Open Browser" library="SeleniumLibrary">
<arg>${url}</arg>
<arg>${browserName}</arg>
<doc>Opens a new browser instance to the optional ``url``.</doc>
<msg timestamp="20240409 14:28:18.271" level="INFO">Opening browser 'headlesschrome' to base url 'https://gor-pathology.web.app/'.</msg>
<status status="PASS" starttime="20240409 14:28:18.271" endtime="20240409 14:28:21.232"/>
</kw>
<kw name="Set Selenium Implicit Wait" library="SeleniumLibrary">
<arg>10s</arg>
<doc>Sets the implicit wait value used by Selenium.</doc>
<status status="PASS" starttime="20240409 14:28:21.232" endtime="20240409 14:28:21.232"/>
</kw>
<status status="PASS" starttime="20240409 14:28:18.271" endtime="20240409 14:28:21.232"/>
</kw>
<kw name="Enter valid username" library="loginPage">
<kw name="Wait Until Element Is Visible" library="SeleniumLibrary">
<arg>${usernameField}</arg>
<arg>5s</arg>
<doc>Waits until the element ``locator`` is visible.</doc>
<status status="PASS" starttime="20240409 14:28:21.239" endtime="20240409 14:28:21.672"/>
</kw>
<kw name="Input Text" library="SeleniumLibrary">
<arg>${usernameField}</arg>
<arg>${validUsername}</arg>
<doc>Types the given ``text`` into the text field identified by ``locator``.</doc>
<msg timestamp="20240409 14:28:21.680" level="INFO">Typing text 'test@kennect.io' into text field 'xpath=//input[@name="email"]'.</msg>
<status status="PASS" starttime="20240409 14:28:21.672" endtime="20240409 14:28:21.792"/>
</kw>
<status status="PASS" starttime="20240409 14:28:21.239" endtime="20240409 14:28:21.792"/>
</kw>
<kw name="Enter valid Password" library="loginPage">
<kw name="Wait Until Element Is Visible" library="SeleniumLibrary">
<arg>${passwordField}</arg>
<arg>5s</arg>
<doc>Waits until the element ``locator`` is visible.</doc>
<status status="PASS" starttime="20240409 14:28:21.792" endtime="20240409 14:28:21.822"/>
</kw>
<kw name="Input Text" library="SeleniumLibrary">
<arg>${passwordField}</arg>
<arg>${validPassword}</arg>
<doc>Types the given ``text`` into the text field identified by ``locator``.</doc>
<msg timestamp="20240409 14:28:21.822" level="INFO">Typing text 'Qwerty@1234' into text field 'xpath=//input[@name="password"]'.</msg>
<status status="PASS" starttime="20240409 14:28:21.822" endtime="20240409 14:28:21.930"/>
</kw>
<status status="PASS" starttime="20240409 14:28:21.792" endtime="20240409 14:28:21.930"/>
</kw>
<kw name="Click Login Button" library="loginPage">
<kw name="Wait Until Element Is Visible" library="SeleniumLibrary">
<arg>${loginButton}</arg>
<arg>5s</arg>
<doc>Waits until the element ``locator`` is visible.</doc>
<status status="PASS" starttime="20240409 14:28:21.933" endtime="20240409 14:28:21.954"/>
</kw>
<kw name="Click Element" library="SeleniumLibrary">
<arg>${loginButton}</arg>
<doc>Click the element identified by ``locator``.</doc>
<msg timestamp="20240409 14:28:21.955" level="INFO">Clicking element 'xpath=//span[text()="Login"]'.</msg>
<status status="PASS" starttime="20240409 14:28:21.954" endtime="20240409 14:28:21.997"/>
</kw>
<kw name="Sleep" library="BuiltIn">
<arg>5s</arg>
<doc>Pauses the test executed for the given time.</doc>
<msg timestamp="20240409 14:28:26.998" level="INFO">Slept 5 seconds</msg>
<status status="PASS" starttime="20240409 14:28:21.997" endtime="20240409 14:28:26.998"/>
</kw>
<status status="PASS" starttime="20240409 14:28:21.933" endtime="20240409 14:28:26.999"/>
</kw>
<kw name="Validate user is able to Login Successfully" library="Dashboard">
<doc>this keyword is use to verify user is able to login Successfully</doc>
<kw name="Sleep" library="BuiltIn">
<arg>3s</arg>
<doc>Pauses the test executed for the given time.</doc>
<msg timestamp="20240409 14:28:30.000" level="INFO">Slept 3 seconds</msg>
<status status="PASS" starttime="20240409 14:28:27.000" endtime="20240409 14:28:30.000"/>
</kw>
<kw name="Wait Until Element Is Visible" library="SeleniumLibrary">
<arg>${dashboardLink}</arg>
<doc>Waits until the element ``locator`` is visible.</doc>
<status status="PASS" starttime="20240409 14:28:30.000" endtime="20240409 14:28:30.033"/>
</kw>
<kw name="Element Should Be Visible" library="SeleniumLibrary">
<arg>${dashboardLink}</arg>
<doc>Verifies that the element identified by ``locator`` is visible.</doc>
<msg timestamp="20240409 14:28:30.053" level="INFO">Element 'xpath=//span[text()="Dashboard"]' is displayed.</msg>
<status status="PASS" starttime="20240409 14:28:30.033" endtime="20240409 14:28:30.053"/>
</kw>
<kw name="Element Text Should Be" library="SeleniumLibrary">
<arg>${dashboardLink}</arg>
<arg>Dashboard</arg>
<doc>Verifies that element ``locator`` contains exact the text ``expected``.</doc>
<msg timestamp="20240409 14:28:30.053" level="INFO">Verifying element 'xpath=//span[text()="Dashboard"]' contains exact text 'Dashboard'.</msg>
<status status="PASS" starttime="20240409 14:28:30.053" endtime="20240409 14:28:30.070"/>
</kw>
<status status="PASS" starttime="20240409 14:28:27.000" endtime="20240409 14:28:30.070"/>
</kw>
<kw name="Close All Browsers" library="SeleniumLibrary" type="TEARDOWN">
<doc>Closes all open browsers and resets the browser cache.</doc>
<status status="PASS" starttime="20240409 14:28:30.070" endtime="20240409 14:28:36.252"/>
</kw>
<status status="PASS" starttime="20240409 14:28:18.271" endtime="20240409 14:28:36.252"/>
</test>
<test id="s1-s1-s1-t2" name="TC_LOGIN_02" line="19">
<kw name="Setup Browser" library="setup" type="SETUP">
<kw name="Open Browser" library="SeleniumLibrary">
<arg>${url}</arg>
<arg>${browserName}</arg>
<doc>Opens a new browser instance to the optional ``url``.</doc>
<msg timestamp="20240409 14:28:36.255" level="INFO">Opening browser 'headlesschrome' to base url 'https://gor-pathology.web.app/'.</msg>
<status status="PASS" starttime="20240409 14:28:36.255" endtime="20240409 14:28:38.213"/>
</kw>
<kw name="Set Selenium Implicit Wait" library="SeleniumLibrary">
<arg>10s</arg>
<doc>Sets the implicit wait value used by Selenium.</doc>
<status status="PASS" starttime="20240409 14:28:38.214" endtime="20240409 14:28:38.216"/>
</kw>
<status status="PASS" starttime="20240409 14:28:36.255" endtime="20240409 14:28:38.216"/>
</kw>
<kw name="Enter invalid username" library="loginPage">
<kw name="Wait Until Element Is Visible" library="SeleniumLibrary">
<arg>${usernameField}</arg>
<arg>5s</arg>
<doc>Waits until the element ``locator`` is visible.</doc>
<status status="PASS" starttime="20240409 14:28:38.216" endtime="20240409 14:28:38.236"/>
</kw>
<kw name="Input Text" library="SeleniumLibrary">
<arg>${usernameField}</arg>
<arg>${invalidUsername}</arg>
<doc>Types the given ``text`` into the text field identified by ``locator``.</doc>
<msg timestamp="20240409 14:28:38.236" level="INFO">Typing text 'hello@gmail' into text field 'xpath=//input[@name="email"]'.</msg>
<status status="PASS" starttime="20240409 14:28:38.236" endtime="20240409 14:28:38.370"/>
</kw>
<status status="PASS" starttime="20240409 14:28:38.216" endtime="20240409 14:28:38.370"/>
</kw>
<kw name="Enter invalid Password" library="loginPage">
<kw name="Wait Until Element Is Visible" library="SeleniumLibrary">
<arg>${passwordField}</arg>
<arg>5s</arg>
<doc>Waits until the element ``locator`` is visible.</doc>
<status status="PASS" starttime="20240409 14:28:38.370" endtime="20240409 14:28:38.402"/>
</kw>
<kw name="Input Text" library="SeleniumLibrary">
<arg>${passwordField}</arg>
<arg>${invalidPassowrd}</arg>
<doc>Types the given ``text`` into the text field identified by ``locator``.</doc>
<msg timestamp="20240409 14:28:38.403" level="INFO">Typing text 'ehhlsaklf' into text field 'xpath=//input[@name="password"]'.</msg>
<status status="PASS" starttime="20240409 14:28:38.402" endtime="20240409 14:28:38.558"/>
</kw>
<status status="PASS" starttime="20240409 14:28:38.370" endtime="20240409 14:28:38.558"/>
</kw>
<kw name="Click Login Button" library="loginPage">
<kw name="Wait Until Element Is Visible" library="SeleniumLibrary">
<arg>${loginButton}</arg>
<arg>5s</arg>
<doc>Waits until the element ``locator`` is visible.</doc>
<status status="PASS" starttime="20240409 14:28:38.558" endtime="20240409 14:28:38.584"/>
</kw>
<kw name="Click Element" library="SeleniumLibrary">
<arg>${loginButton}</arg>
<doc>Click the element identified by ``locator``.</doc>
<msg timestamp="20240409 14:28:38.584" level="INFO">Clicking element 'xpath=//span[text()="Login"]'.</msg>
<status status="PASS" starttime="20240409 14:28:38.584" endtime="20240409 14:28:38.663"/>
</kw>
<kw name="Sleep" library="BuiltIn">
<arg>5s</arg>
<doc>Pauses the test executed for the given time.</doc>
<msg timestamp="20240409 14:28:43.663" level="INFO">Slept 5 seconds</msg>
<status status="PASS" starttime="20240409 14:28:38.663" endtime="20240409 14:28:43.664"/>
</kw>
<status status="PASS" starttime="20240409 14:28:38.558" endtime="20240409 14:28:43.664"/>
</kw>
<kw name="Validate Error message is displayed" library="loginPage">
<kw name="Wait Until Element Is Visible" library="SeleniumLibrary">
<arg>${errorMsg}</arg>
<arg>5s</arg>
<doc>Waits until the element ``locator`` is visible.</doc>
<status status="PASS" starttime="20240409 14:28:43.664" endtime="20240409 14:28:43.679"/>
</kw>
<kw name="Element Should Contain" library="SeleniumLibrary">
<arg>${errorMsg}</arg>
<arg>${errorMessage}</arg>
<doc>Verifies that element ``locator`` contains text ``expected``.</doc>
<msg timestamp="20240409 14:28:43.689" level="INFO">Element 'xpath=//div[@class="MuiAlert-message"]' contains text 'There is no user record corresponding to this identifier. The user may have been deleted.'.</msg>
<status status="PASS" starttime="20240409 14:28:43.679" endtime="20240409 14:28:43.689"/>
</kw>
<status status="PASS" starttime="20240409 14:28:43.664" endtime="20240409 14:28:43.689"/>
</kw>
<kw name="Close All Browsers" library="SeleniumLibrary" type="TEARDOWN">
<doc>Closes all open browsers and resets the browser cache.</doc>
<status status="PASS" starttime="20240409 14:28:43.693" endtime="20240409 14:28:49.845"/>
</kw>
<status status="PASS" starttime="20240409 14:28:36.255" endtime="20240409 14:28:49.845"/>
</test>
<status status="PASS" starttime="20240409 14:28:18.051" endtime="20240409 14:28:49.849"/>
</suite>
<status status="PASS" starttime="20240409 14:28:18.051" endtime="20240409 14:28:49.849"/>
</suite>
<status status="PASS" starttime="20240409 14:28:18.035" endtime="20240409 14:28:49.854"/>
</suite>
<statistics>
<total>
<stat pass="2" fail="0" skip="0">All Tests</stat>
</total>
<tag>
</tag>
<suite>
<stat pass="2" fail="0" skip="0" id="s1" name="PathologyLab">PathologyLab</stat>
<stat pass="2" fail="0" skip="0" id="s1-s1" name="Suites">PathologyLab.Suites</stat>
<stat pass="2" fail="0" skip="0" id="s1-s1-s1" name="loginTest">PathologyLab.Suites.loginTest</stat>
</suite>
</statistics>
<errors>
</errors>
</robot>
