<?xml version="1.0" encoding="UTF-8"?>
<robot generator="Robot 6.1.1 (Python 3.12.1 on win32)" generated="20231228 12:49:28.012" rpa="false" schemaversion="4">
<suite id="s1" name="PathologyLab" source="C:\Users\Muzammil\OneDrive\Desktop\Projects\Testing Projects\PathologyLab">
<suite id="s1-s1" name="loginTest" source="C:\Users\Muzammil\OneDrive\Desktop\Projects\Testing Projects\PathologyLab\loginTest.robot">
<test id="s1-s1-t1" name="TC_LOGIN_01" line="11">
<kw name="Setup Browser" library="setup" type="SETUP">
<kw name="Open Browser" library="SeleniumLibrary">
<arg>${url}</arg>
<arg>${browserName}</arg>
<doc>Opens a new browser instance to the optional ``url``.</doc>
<msg timestamp="20231228 12:49:28.638" level="INFO">Opening browser 'chrome' to base url 'https://gor-pathology.web.app/'.</msg>
<status status="PASS" starttime="20231228 12:49:28.638" endtime="20231228 12:49:32.017"/>
</kw>
<status status="PASS" starttime="20231228 12:49:28.638" endtime="20231228 12:49:32.017"/>
</kw>
<kw name="Enter valid username" library="loginPage">
<kw name="Wait Until Element Is Visible" library="SeleniumLibrary">
<arg>${usernameField}</arg>
<arg>5s</arg>
<doc>Waits until the element ``locator`` is visible.</doc>
<status status="PASS" starttime="20231228 12:49:32.020" endtime="20231228 12:49:32.401"/>
</kw>
<kw name="Input Text" library="SeleniumLibrary">
<arg>${usernameField}</arg>
<arg>${validUsername}</arg>
<doc>Types the given ``text`` into the text field identified by ``locator``.</doc>
<msg timestamp="20231228 12:49:32.401" level="INFO">Typing text 'test@kennect.io' into text field 'xpath=//input[@name="email"]'.</msg>
<status status="PASS" starttime="20231228 12:49:32.401" endtime="20231228 12:49:32.759"/>
</kw>
<status status="PASS" starttime="20231228 12:49:32.017" endtime="20231228 12:49:32.760"/>
</kw>
<kw name="Enter valid Password" library="loginPage">
<kw name="Wait Until Element Is Visible" library="SeleniumLibrary">
<arg>${passwordField}</arg>
<arg>5s</arg>
<doc>Waits until the element ``locator`` is visible.</doc>
<status status="PASS" starttime="20231228 12:49:32.762" endtime="20231228 12:49:32.814"/>
</kw>
<kw name="Input Text" library="SeleniumLibrary">
<arg>${passwordField}</arg>
<arg>${validPassword}</arg>
<doc>Types the given ``text`` into the text field identified by ``locator``.</doc>
<msg timestamp="20231228 12:49:32.817" level="INFO">Typing text 'Qwerty@1234' into text field 'xpath=//input[@name="password"]'.</msg>
<status status="PASS" starttime="20231228 12:49:32.814" endtime="20231228 12:49:33.072"/>
</kw>
<status status="PASS" starttime="20231228 12:49:32.761" endtime="20231228 12:49:33.072"/>
</kw>
<kw name="Click Login Button" library="loginPage">
<kw name="Wait Until Element Is Visible" library="SeleniumLibrary">
<arg>${loginButton}</arg>
<arg>5s</arg>
<doc>Waits until the element ``locator`` is visible.</doc>
<status status="PASS" starttime="20231228 12:49:33.072" endtime="20231228 12:49:33.131"/>
</kw>
<kw name="Click Element" library="SeleniumLibrary">
<arg>${loginButton}</arg>
<doc>Click the element identified by ``locator``.</doc>
<msg timestamp="20231228 12:49:33.131" level="INFO">Clicking element 'xpath=//span[text()="Login"]'.</msg>
<status status="PASS" starttime="20231228 12:49:33.131" endtime="20231228 12:49:33.249"/>
</kw>
<kw name="Sleep" library="BuiltIn">
<arg>5s</arg>
<doc>Pauses the test executed for the given time.</doc>
<msg timestamp="20231228 12:49:38.252" level="INFO">Slept 5 seconds</msg>
<status status="PASS" starttime="20231228 12:49:33.249" endtime="20231228 12:49:38.254"/>
</kw>
<status status="PASS" starttime="20231228 12:49:33.072" endtime="20231228 12:49:38.254"/>
</kw>
<kw name="Validate user is able to Login Successfully" library="Dashboard">
<doc>this keyword is use to verify user is able to login Successfully</doc>
<kw name="Sleep" library="BuiltIn">
<arg>3s</arg>
<doc>Pauses the test executed for the given time.</doc>
<msg timestamp="20231228 12:49:41.258" level="INFO">Slept 3 seconds</msg>
<status status="PASS" starttime="20231228 12:49:38.254" endtime="20231228 12:49:41.258"/>
</kw>
<kw name="Wait Until Element Is Visible" library="SeleniumLibrary">
<arg>${dashboardLink}</arg>
<doc>Waits until the element ``locator`` is visible.</doc>
<status status="PASS" starttime="20231228 12:49:41.258" endtime="20231228 12:49:44.166"/>
</kw>
<kw name="Element Should Be Visible" library="SeleniumLibrary">
<arg>${dashboardLink}</arg>
<doc>Verifies that the element identified by ``locator`` is visible.</doc>
<msg timestamp="20231228 12:49:44.206" level="INFO">Element 'xpath=//span[text()="Dashboard"]' is displayed.</msg>
<status status="PASS" starttime="20231228 12:49:44.166" endtime="20231228 12:49:44.206"/>
</kw>
<kw name="Element Text Should Be" library="SeleniumLibrary">
<arg>${dashboardLink}</arg>
<arg>Dashboard</arg>
<doc>Verifies that element ``locator`` contains exact the text ``expected``.</doc>
<msg timestamp="20231228 12:49:44.206" level="INFO">Verifying element 'xpath=//span[text()="Dashboard"]' contains exact text 'Dashboard'.</msg>
<status status="PASS" starttime="20231228 12:49:44.206" endtime="20231228 12:49:44.259"/>
</kw>
<status status="PASS" starttime="20231228 12:49:38.254" endtime="20231228 12:49:44.259"/>
</kw>
<kw name="Close All Browsers" library="SeleniumLibrary" type="TEARDOWN">
<doc>Closes all open browsers and resets the browser cache.</doc>
<status status="PASS" starttime="20231228 12:49:44.259" endtime="20231228 12:49:50.703"/>
</kw>
<status status="PASS" starttime="20231228 12:49:28.630" endtime="20231228 12:49:50.703"/>
</test>
<test id="s1-s1-t2" name="TC_LOGIN_02" line="18">
<kw name="Setup Browser" library="setup" type="SETUP">
<kw name="Open Browser" library="SeleniumLibrary">
<arg>${url}</arg>
<arg>${browserName}</arg>
<doc>Opens a new browser instance to the optional ``url``.</doc>
<msg timestamp="20231228 12:49:50.703" level="INFO">Opening browser 'chrome' to base url 'https://gor-pathology.web.app/'.</msg>
<status status="PASS" starttime="20231228 12:49:50.703" endtime="20231228 12:49:54.677"/>
</kw>
<status status="PASS" starttime="20231228 12:49:50.703" endtime="20231228 12:49:54.677"/>
</kw>
<kw name="Enter invalid username" library="loginPage">
<kw name="Wait Until Element Is Visible" library="SeleniumLibrary">
<arg>${usernameField}</arg>
<arg>5s</arg>
<doc>Waits until the element ``locator`` is visible.</doc>
<status status="PASS" starttime="20231228 12:49:54.678" endtime="20231228 12:49:54.707"/>
</kw>
<kw name="Input Text" library="SeleniumLibrary">
<arg>${usernameField}</arg>
<arg>${invalidUsername}</arg>
<doc>Types the given ``text`` into the text field identified by ``locator``.</doc>
<msg timestamp="20231228 12:49:54.708" level="INFO">Typing text 'hello@gmail' into text field 'xpath=//input[@name="email"]'.</msg>
<status status="PASS" starttime="20231228 12:49:54.707" endtime="20231228 12:49:54.859"/>
</kw>
<status status="PASS" starttime="20231228 12:49:54.677" endtime="20231228 12:49:54.859"/>
</kw>
<kw name="Enter invalid Password" library="loginPage">
<kw name="Wait Until Element Is Visible" library="SeleniumLibrary">
<arg>${passwordField}</arg>
<arg>5s</arg>
<doc>Waits until the element ``locator`` is visible.</doc>
<status status="PASS" starttime="20231228 12:49:54.864" endtime="20231228 12:49:54.881"/>
</kw>
<kw name="Input Text" library="SeleniumLibrary">
<arg>${passwordField}</arg>
<arg>${invalidPassowrd}</arg>
<doc>Types the given ``text`` into the text field identified by ``locator``.</doc>
<msg timestamp="20231228 12:49:54.881" level="INFO">Typing text 'ehhlsaklf' into text field 'xpath=//input[@name="password"]'.</msg>
<status status="PASS" starttime="20231228 12:49:54.881" endtime="20231228 12:49:54.966"/>
</kw>
<status status="PASS" starttime="20231228 12:49:54.859" endtime="20231228 12:49:54.966"/>
</kw>
<kw name="Click Login Button" library="loginPage">
<kw name="Wait Until Element Is Visible" library="SeleniumLibrary">
<arg>${loginButton}</arg>
<arg>5s</arg>
<doc>Waits until the element ``locator`` is visible.</doc>
<status status="PASS" starttime="20231228 12:49:54.966" endtime="20231228 12:49:55.037"/>
</kw>
<kw name="Click Element" library="SeleniumLibrary">
<arg>${loginButton}</arg>
<doc>Click the element identified by ``locator``.</doc>
<msg timestamp="20231228 12:49:55.037" level="INFO">Clicking element 'xpath=//span[text()="Login"]'.</msg>
<status status="PASS" starttime="20231228 12:49:55.037" endtime="20231228 12:49:55.083"/>
</kw>
<kw name="Sleep" library="BuiltIn">
<arg>5s</arg>
<doc>Pauses the test executed for the given time.</doc>
<msg timestamp="20231228 12:50:00.083" level="INFO">Slept 5 seconds</msg>
<status status="PASS" starttime="20231228 12:49:55.083" endtime="20231228 12:50:00.083"/>
</kw>
<status status="PASS" starttime="20231228 12:49:54.966" endtime="20231228 12:50:00.083"/>
</kw>
<kw name="Validate Error message is displayed" library="loginPage">
<kw name="Wait Until Element Is Visible" library="SeleniumLibrary">
<arg>${errorMsg}</arg>
<arg>5s</arg>
<doc>Waits until the element ``locator`` is visible.</doc>
<status status="PASS" starttime="20231228 12:50:00.083" endtime="20231228 12:50:00.090"/>
</kw>
<kw name="Element Should Contain" library="SeleniumLibrary">
<arg>${errorMsg}</arg>
<arg>${errorMessage}</arg>
<doc>Verifies that element ``locator`` contains text ``expected``.</doc>
<msg timestamp="20231228 12:50:00.106" level="INFO">Element 'xpath=//div[@class="MuiAlert-message"]' contains text 'There is no user record corresponding to this identifier. The user may have been deleted.'.</msg>
<status status="PASS" starttime="20231228 12:50:00.090" endtime="20231228 12:50:00.106"/>
</kw>
<status status="PASS" starttime="20231228 12:50:00.083" endtime="20231228 12:50:00.106"/>
</kw>
<kw name="Close All Browsers" library="SeleniumLibrary" type="TEARDOWN">
<doc>Closes all open browsers and resets the browser cache.</doc>
<status status="PASS" starttime="20231228 12:50:00.106" endtime="20231228 12:50:06.275"/>
</kw>
<status status="PASS" starttime="20231228 12:49:50.703" endtime="20231228 12:50:06.275"/>
</test>
<status status="PASS" starttime="20231228 12:49:28.102" endtime="20231228 12:50:06.275"/>
</suite>
<suite id="s1-s2" name="TestCalculator" source="C:\Users\Muzammil\OneDrive\Desktop\Projects\Testing Projects\PathologyLab\TestCalculator.robot">
<test id="s1-s2-t1" name="TC_CALCULATOR_01" line="12">
<kw name="Setup Browser" library="setup" type="SETUP">
<kw name="Open Browser" library="SeleniumLibrary">
<arg>${url}</arg>
<arg>${browserName}</arg>
<doc>Opens a new browser instance to the optional ``url``.</doc>
<msg timestamp="20231228 12:50:06.289" level="INFO">Opening browser 'chrome' to base url 'https://gor-pathology.web.app/'.</msg>
<status status="PASS" starttime="20231228 12:50:06.289" endtime="20231228 12:50:09.433"/>
</kw>
<status status="PASS" starttime="20231228 12:50:06.289" endtime="20231228 12:50:09.433"/>
</kw>
<kw name="Login with valid credetials" library="loginPage">
<doc>login with valid credentials</doc>
<kw name="Enter valid username" library="loginPage">
<kw name="Wait Until Element Is Visible" library="SeleniumLibrary">
<arg>${usernameField}</arg>
<arg>5s</arg>
<doc>Waits until the element ``locator`` is visible.</doc>
<status status="PASS" starttime="20231228 12:50:09.433" endtime="20231228 12:50:09.462"/>
</kw>
<kw name="Input Text" library="SeleniumLibrary">
<arg>${usernameField}</arg>
<arg>${validUsername}</arg>
<doc>Types the given ``text`` into the text field identified by ``locator``.</doc>
<msg timestamp="20231228 12:50:09.463" level="INFO">Typing text 'test@kennect.io' into text field 'xpath=//input[@name="email"]'.</msg>
<status status="PASS" starttime="20231228 12:50:09.462" endtime="20231228 12:50:09.617"/>
</kw>
<status status="PASS" starttime="20231228 12:50:09.433" endtime="20231228 12:50:09.618"/>
</kw>
<kw name="Enter valid Password" library="loginPage">
<kw name="Wait Until Element Is Visible" library="SeleniumLibrary">
<arg>${passwordField}</arg>
<arg>5s</arg>
<doc>Waits until the element ``locator`` is visible.</doc>
<status status="PASS" starttime="20231228 12:50:09.618" endtime="20231228 12:50:09.633"/>
</kw>
<kw name="Input Text" library="SeleniumLibrary">
<arg>${passwordField}</arg>
<arg>${validPassword}</arg>
<doc>Types the given ``text`` into the text field identified by ``locator``.</doc>
<msg timestamp="20231228 12:50:09.633" level="INFO">Typing text 'Qwerty@1234' into text field 'xpath=//input[@name="password"]'.</msg>
<status status="PASS" starttime="20231228 12:50:09.633" endtime="20231228 12:50:09.697"/>
</kw>
<status status="PASS" starttime="20231228 12:50:09.618" endtime="20231228 12:50:09.697"/>
</kw>
<kw name="Click Login Button" library="loginPage">
<kw name="Wait Until Element Is Visible" library="SeleniumLibrary">
<arg>${loginButton}</arg>
<arg>5s</arg>
<doc>Waits until the element ``locator`` is visible.</doc>
<status status="PASS" starttime="20231228 12:50:09.697" endtime="20231228 12:50:09.730"/>
</kw>
<kw name="Click Element" library="SeleniumLibrary">
<arg>${loginButton}</arg>
<doc>Click the element identified by ``locator``.</doc>
<msg timestamp="20231228 12:50:09.730" level="INFO">Clicking element 'xpath=//span[text()="Login"]'.</msg>
<status status="PASS" starttime="20231228 12:50:09.730" endtime="20231228 12:50:09.801"/>
</kw>
<kw name="Sleep" library="BuiltIn">
<arg>5s</arg>
<doc>Pauses the test executed for the given time.</doc>
<msg timestamp="20231228 12:50:14.802" level="INFO">Slept 5 seconds</msg>
<status status="PASS" starttime="20231228 12:50:09.801" endtime="20231228 12:50:14.802"/>
</kw>
<status status="PASS" starttime="20231228 12:50:09.697" endtime="20231228 12:50:14.802"/>
</kw>
<status status="PASS" starttime="20231228 12:50:09.433" endtime="20231228 12:50:14.802"/>
</kw>
<kw name="Extract required information from excel" library="Dashboard">
<arg>tc calculator</arg>
<arg>TC_CALCULATOR_01_DATA01</arg>
<kw name="Read data from Excel" library="ExcelLib">
<var>${tesName}</var>
<var>${discount}</var>
<var>${subtotal}</var>
<var>${total}</var>
<arg>${sheetName}</arg>
<arg>${tc_Name}</arg>
<kw name="Open Excel" library="ExcelUtil">
<arg>TestData/TestData.xlsx</arg>
<doc>Open excel file
Arguments:
    | File             | Filename with fullpath to open and test upon        |</doc>
<status status="PASS" starttime="20231228 12:50:14.802" endtime="20231228 12:50:14.811"/>
</kw>
<kw name="Get Row Count" library="ExcelUtil">
<var>${rowCount}</var>
<arg>${sheetName}</arg>
<doc>Return the Row count of the given sheet
Example:
| Open Excel      |  C:\Data\ExcelTest.xlsx  |
| Get Row count     |  Sheet1 |</doc>
<msg timestamp="20231228 12:50:14.811" level="INFO">${rowCount} = 4</msg>
<status status="PASS" starttime="20231228 12:50:14.811" endtime="20231228 12:50:14.811"/>
</kw>
<kw name="Log" library="BuiltIn">
<arg>${rowCount}</arg>
<doc>Logs the given message with the given level.</doc>
<msg timestamp="20231228 12:50:14.811" level="INFO">4</msg>
<status status="PASS" starttime="20231228 12:50:14.811" endtime="20231228 12:50:14.811"/>
</kw>
<kw name="Get Column Count" library="ExcelUtil">
<var>${columnCount}</var>
<arg>${sheetName}</arg>
<doc>Return the column count of the given sheet
Example:
| Open Excel      |  C:\Data\ExcelTest.xlsx  |
| Get Column count     |  Sheet1 |</doc>
<msg timestamp="20231228 12:50:14.811" level="INFO">${columnCount} = 5</msg>
<status status="PASS" starttime="20231228 12:50:14.811" endtime="20231228 12:50:14.811"/>
</kw>
<for flavor="IN RANGE">
<var>${rowIndex}</var>
<value>2</value>
<value>${rowCount}</value>
<iter>
<var name="${rowIndex}">2</var>
<kw name="Read Cell Data By Coordinates" library="ExcelUtil">
<var>${tcN}</var>
<arg>${sheetName}</arg>
<arg>${rowIndex}</arg>
<arg>1</arg>
<doc>Return the value of a cell by giving the sheetname, row value &amp; column value
Example:
| Read Cell Data By Coordinates     |  SheetName | Row Number |  Column Number  |
| Read Cell Data By Coordinates     |  Sheet1 |  1  |  1  |
 To pass integer arguments
| Read Cell Data By Coordinates     |  Sheet1 |  ${1}  |  ${3}  |</doc>
<msg timestamp="20231228 12:50:14.814" level="INFO">${tcN} = TC_CALCULATOR_01_DATA01</msg>
<status status="PASS" starttime="20231228 12:50:14.814" endtime="20231228 12:50:14.814"/>
</kw>
<kw name="Log" library="BuiltIn">
<arg>calculated ${tcN} atual ${tc_Name}</arg>
<doc>Logs the given message with the given level.</doc>
<msg timestamp="20231228 12:50:14.814" level="INFO">calculated TC_CALCULATOR_01_DATA01 atual TC_CALCULATOR_01_DATA01</msg>
<status status="PASS" starttime="20231228 12:50:14.814" endtime="20231228 12:50:14.814"/>
</kw>
<if>
<branch type="IF" condition="'${tc_Name}'=='${tcN}'">
<kw name="Get all row information" library="ExcelLib">
<var>${tname}</var>
<var>${dis}</var>
<var>${subt}</var>
<var>${tot}</var>
<arg>${sheetName}</arg>
<arg>${rowIndex}</arg>
<arg>${columnCount}</arg>
<doc>this is to extract all row information</doc>
<kw name="Read Cell Data By Coordinates" library="ExcelUtil">
<var>${TestsName}</var>
<arg>${sheetName}</arg>
<arg>${rowIndex}</arg>
<arg>2</arg>
<doc>Return the value of a cell by giving the sheetname, row value &amp; column value
Example:
| Read Cell Data By Coordinates     |  SheetName | Row Number |  Column Number  |
| Read Cell Data By Coordinates     |  Sheet1 |  1  |  1  |
 To pass integer arguments
| Read Cell Data By Coordinates     |  Sheet1 |  ${1}  |  ${3}  |</doc>
<msg timestamp="20231228 12:50:14.814" level="INFO">${TestsName} = AFP </msg>
<status status="PASS" starttime="20231228 12:50:14.814" endtime="20231228 12:50:14.814"/>
</kw>
<kw name="Read Cell Data By Coordinates" library="ExcelUtil">
<var>${discount}</var>
<arg>${sheetName}</arg>
<arg>${rowIndex}</arg>
<arg>3</arg>
<doc>Return the value of a cell by giving the sheetname, row value &amp; column value
Example:
| Read Cell Data By Coordinates     |  SheetName | Row Number |  Column Number  |
| Read Cell Data By Coordinates     |  Sheet1 |  1  |  1  |
 To pass integer arguments
| Read Cell Data By Coordinates     |  Sheet1 |  ${1}  |  ${3}  |</doc>
<msg timestamp="20231228 12:50:14.814" level="INFO">${discount} = 5%</msg>
<status status="PASS" starttime="20231228 12:50:14.814" endtime="20231228 12:50:14.814"/>
</kw>
<kw name="Read Cell Data By Coordinates" library="ExcelUtil">
<var>${subtotal}</var>
<arg>${sheetName}</arg>
<arg>${rowIndex}</arg>
<arg>4</arg>
<doc>Return the value of a cell by giving the sheetname, row value &amp; column value
Example:
| Read Cell Data By Coordinates     |  SheetName | Row Number |  Column Number  |
| Read Cell Data By Coordinates     |  Sheet1 |  1  |  1  |
 To pass integer arguments
| Read Cell Data By Coordinates     |  Sheet1 |  ${1}  |  ${3}  |</doc>
<msg timestamp="20231228 12:50:14.814" level="INFO">${subtotal} = 300</msg>
<status status="PASS" starttime="20231228 12:50:14.814" endtime="20231228 12:50:14.814"/>
</kw>
<kw name="Read Cell Data By Coordinates" library="ExcelUtil">
<var>${total}</var>
<arg>${sheetName}</arg>
<arg>${rowIndex}</arg>
<arg>5</arg>
<doc>Return the value of a cell by giving the sheetname, row value &amp; column value
Example:
| Read Cell Data By Coordinates     |  SheetName | Row Number |  Column Number  |
| Read Cell Data By Coordinates     |  Sheet1 |  1  |  1  |
 To pass integer arguments
| Read Cell Data By Coordinates     |  Sheet1 |  ${1}  |  ${3}  |</doc>
<msg timestamp="20231228 12:50:14.814" level="INFO">${total} = 332.5</msg>
<status status="PASS" starttime="20231228 12:50:14.814" endtime="20231228 12:50:14.814"/>
</kw>
<msg timestamp="20231228 12:50:14.814" level="INFO">${tname} = AFP </msg>
<msg timestamp="20231228 12:50:14.814" level="INFO">${dis} = 5%</msg>
<msg timestamp="20231228 12:50:14.820" level="INFO">${subt} = 300</msg>
<msg timestamp="20231228 12:50:14.820" level="INFO">${tot} = 332.5</msg>
<status status="PASS" starttime="20231228 12:50:14.814" endtime="20231228 12:50:14.820"/>
</kw>
<status status="PASS" starttime="20231228 12:50:14.814" endtime="20231228 12:50:14.820"/>
</branch>
<status status="PASS" starttime="20231228 12:50:14.814" endtime="20231228 12:50:14.820"/>
</if>
<status status="PASS" starttime="20231228 12:50:14.811" endtime="20231228 12:50:14.820"/>
</iter>
<iter>
<var name="${rowIndex}">3</var>
<kw name="Read Cell Data By Coordinates" library="ExcelUtil">
<var>${tcN}</var>
<arg>${sheetName}</arg>
<arg>${rowIndex}</arg>
<arg>1</arg>
<doc>Return the value of a cell by giving the sheetname, row value &amp; column value
Example:
| Read Cell Data By Coordinates     |  SheetName | Row Number |  Column Number  |
| Read Cell Data By Coordinates     |  Sheet1 |  1  |  1  |
 To pass integer arguments
| Read Cell Data By Coordinates     |  Sheet1 |  ${1}  |  ${3}  |</doc>
<msg timestamp="20231228 12:50:14.821" level="INFO">${tcN} = TC_CALCULATOR_01_DATA02</msg>
<status status="PASS" starttime="20231228 12:50:14.820" endtime="20231228 12:50:14.821"/>
</kw>
<kw name="Log" library="BuiltIn">
<arg>calculated ${tcN} atual ${tc_Name}</arg>
<doc>Logs the given message with the given level.</doc>
<msg timestamp="20231228 12:50:14.822" level="INFO">calculated TC_CALCULATOR_01_DATA02 atual TC_CALCULATOR_01_DATA01</msg>
<status status="PASS" starttime="20231228 12:50:14.821" endtime="20231228 12:50:14.822"/>
</kw>
<if>
<branch type="IF" condition="'${tc_Name}'=='${tcN}'">
<kw name="Get all row information" library="ExcelLib">
<var>${tname}</var>
<var>${dis}</var>
<var>${subt}</var>
<var>${tot}</var>
<arg>${sheetName}</arg>
<arg>${rowIndex}</arg>
<arg>${columnCount}</arg>
<doc>this is to extract all row information</doc>
<status status="NOT RUN" starttime="20231228 12:50:14.822" endtime="20231228 12:50:14.822"/>
</kw>
<status status="NOT RUN" starttime="20231228 12:50:14.822" endtime="20231228 12:50:14.822"/>
</branch>
<status status="PASS" starttime="20231228 12:50:14.822" endtime="20231228 12:50:14.822"/>
</if>
<status status="PASS" starttime="20231228 12:50:14.820" endtime="20231228 12:50:14.822"/>
</iter>
<status status="PASS" starttime="20231228 12:50:14.811" endtime="20231228 12:50:14.822"/>
</for>
<msg timestamp="20231228 12:50:14.823" level="INFO">${tesName} = AFP </msg>
<msg timestamp="20231228 12:50:14.823" level="INFO">${discount} = 5%</msg>
<msg timestamp="20231228 12:50:14.823" level="INFO">${subtotal} = 300</msg>
<msg timestamp="20231228 12:50:14.823" level="INFO">${total} = 332.5</msg>
<status status="PASS" starttime="20231228 12:50:14.802" endtime="20231228 12:50:14.823"/>
</kw>
<kw name="Set Global Variable" library="BuiltIn">
<arg>${tesName}</arg>
<doc>Makes a variable available globally in all tests and suites.</doc>
<msg timestamp="20231228 12:50:14.824" level="INFO">${tesName} = AFP </msg>
<status status="PASS" starttime="20231228 12:50:14.823" endtime="20231228 12:50:14.824"/>
</kw>
<kw name="Set Global Variable" library="BuiltIn">
<arg>${discount}</arg>
<doc>Makes a variable available globally in all tests and suites.</doc>
<msg timestamp="20231228 12:50:14.825" level="INFO">${discount} = 5%</msg>
<status status="PASS" starttime="20231228 12:50:14.824" endtime="20231228 12:50:14.825"/>
</kw>
<status status="PASS" starttime="20231228 12:50:14.802" endtime="20231228 12:50:14.825"/>
</kw>
<kw name="Fill information into tests input" library="Dashboard">
<doc>this keyword is use to enter information into caclculator testsinputs</doc>
<kw name="Wait Until Element Is Visible" library="SeleniumLibrary">
<arg>${testCalculatortestInput}</arg>
<arg>20s</arg>
<doc>Waits until the element ``locator`` is visible.</doc>
<status status="PASS" starttime="20231228 12:50:14.826" endtime="20231228 12:50:14.871"/>
</kw>
<kw name="Destructure Names" library="selection">
<var>@{testnames}</var>
<arg>${tName}</arg>
<msg timestamp="20231228 12:50:14.871" level="INFO">@{testnames} = [ AFP  ]</msg>
<status status="PASS" starttime="20231228 12:50:14.871" endtime="20231228 12:50:14.872"/>
</kw>
<for flavor="IN">
<var>${TESTname}</var>
<value>@{testnames}</value>
<iter>
<var name="${TESTname}">AFP </var>
<kw name="Input Text" library="SeleniumLibrary">
<arg>${testCalculatortestInput}</arg>
<arg>${TESTName}</arg>
<doc>Types the given ``text`` into the text field identified by ``locator``.</doc>
<msg timestamp="20231228 12:50:14.873" level="INFO">Typing text 'AFP ' into text field 'xpath=//input[@id="patient-test"]'.</msg>
<status status="PASS" starttime="20231228 12:50:14.872" endtime="20231228 12:50:15.082"/>
</kw>
<kw name="Sleep" library="BuiltIn">
<arg>5s</arg>
<doc>Pauses the test executed for the given time.</doc>
<msg timestamp="20231228 12:50:20.083" level="INFO">Slept 5 seconds</msg>
<status status="PASS" starttime="20231228 12:50:15.082" endtime="20231228 12:50:20.083"/>
</kw>
<kw name="Click Element" library="SeleniumLibrary">
<arg>${testsinputs}</arg>
<doc>Click the element identified by ``locator``.</doc>
<msg timestamp="20231228 12:50:20.084" level="INFO">Clicking element 'xpath=//li[@id="patient-test-option-0"]'.</msg>
<status status="PASS" starttime="20231228 12:50:20.083" endtime="20231228 12:50:20.180"/>
</kw>
<status status="PASS" starttime="20231228 12:50:14.872" endtime="20231228 12:50:20.180"/>
</iter>
<status status="PASS" starttime="20231228 12:50:14.872" endtime="20231228 12:50:20.180"/>
</for>
<kw name="Click Element" library="SeleniumLibrary">
<arg>//div[@class="MuiSelect-root MuiSelect-select MuiSelect-selectMenu MuiSelect-outlined MuiInputBase-input MuiOutlinedInput-input"]</arg>
<doc>Click the element identified by ``locator``.</doc>
<msg timestamp="20231228 12:50:20.180" level="INFO">Clicking element '//div[@class="MuiSelect-root MuiSelect-select MuiSelect-selectMenu MuiSelect-outlined MuiInputBase-input MuiOutlinedInput-input"]'.</msg>
<msg timestamp="20231228 12:50:21.495" level="INFO" html="true">&lt;/td&gt;&lt;/tr&gt;&lt;tr&gt;&lt;td colspan="3"&gt;&lt;a href="selenium-screenshot-24.png"&gt;&lt;img src="selenium-screenshot-24.png" width="800px"&gt;&lt;/a&gt;</msg>
<msg timestamp="20231228 12:50:21.496" level="FAIL">ElementClickInterceptedException: Message: element click intercepted: Element is not clickable at point (630, 758)
  (Session info: chrome=120.0.6099.130)
Stacktrace:
	GetHandleVerifier [0x00007FF6168F2142+3514994]
	(No symbol) [0x00007FF616510CE2]
	(No symbol) [0x00007FF6163B76AA]
	(No symbol) [0x00007FF6164088F3]
	(No symbol) [0x00007FF6164068ED]
	(No symbol) [0x00007FF6164040EC]
	(No symbol) [0x00007FF616402EA5]
	(No symbol) [0x00007FF6163F6A0F]
	(No symbol) [0x00007FF616425FEA]
	(No symbol) [0x00007FF6163F63B6]
	(No symbol) [0x00007FF616426490]
	(No symbol) [0x00007FF6164428F6]
	(No symbol) [0x00007FF616425D93]
	(No symbol) [0x00007FF6163F4BDC]
	(No symbol) [0x00007FF6163F5C64]
	GetHandleVerifier [0x00007FF61691E16B+3695259]
	GetHandleVerifier [0x00007FF616976737+4057191]
	GetHandleVerifier [0x00007FF61696E4E3+4023827]
	GetHandleVerifier [0x00007FF6166404F9+689705]
	(No symbol) [0x00007FF61651C048]
	(No symbol) [0x00007FF616518044]
	(No symbol) [0x00007FF6165181C9]
	(No symbol) [0x00007FF6165088C4]
	BaseThreadInitThunk [0x00007FFA7153257D+29]
	RtlUserThreadStart [0x00007FFA7208AA58+40]
</msg>
<status status="FAIL" starttime="20231228 12:50:20.180" endtime="20231228 12:50:21.547"/>
</kw>
<kw name="Click Element" library="SeleniumLibrary">
<arg>//li[@class="MuiButtonBase-root MuiListItem-root MuiMenuItem-root MuiMenuItem-gutters MuiListItem-gutters MuiListItem-button" and @data-value="5"]</arg>
<doc>Click the element identified by ``locator``.</doc>
<status status="NOT RUN" starttime="20231228 12:50:21.547" endtime="20231228 12:50:21.548"/>
</kw>
<status status="FAIL" starttime="20231228 12:50:14.825" endtime="20231228 12:50:21.548"/>
</kw>
<status status="FAIL" starttime="20231228 12:50:06.275" endtime="20231228 12:50:21.548">ElementClickInterceptedException: Message: element click intercepted: Element is not clickable at point (630, 758)
  (Session info: chrome=120.0.6099.130)
Stacktrace:
	GetHandleVerifier [0x00007FF6168F2142+3514994]
	(No symbol) [0x00007FF616510CE2]
	(No symbol) [0x00007FF6163B76AA]
	(No symbol) [0x00007FF6164088F3]
	(No symbol) [0x00007FF6164068ED]
	(No symbol) [0x00007FF6164040EC]
	(No symbol) [0x00007FF616402EA5]
	(No symbol) [0x00007FF6163F6A0F]
	(No symbol) [0x00007FF616425FEA]
	(No symbol) [0x00007FF6163F63B6]
	(No symbol) [0x00007FF616426490]
	(No symbol) [0x00007FF6164428F6]
	(No symbol) [0x00007FF616425D93]
	(No symbol) [0x00007FF6163F4BDC]
	(No symbol) [0x00007FF6163F5C64]
	GetHandleVerifier [0x00007FF61691E16B+3695259]
	GetHandleVerifier [0x00007FF616976737+4057191]
	GetHandleVerifier [0x00007FF61696E4E3+4023827]
	GetHandleVerifier [0x00007FF6166404F9+689705]
	(No symbol) [0x00007FF61651C048]
	(No symbol) [0x00007FF616518044]
	(No symbol) [0x00007FF6165181C9]
	(No symbol) [0x00007FF6165088C4]
	BaseThreadInitThunk [0x00007FFA7153257D+29]
	RtlUserThreadStart [0x00007FFA7208AA58+40]
</status>
</test>
<test id="s1-s2-t2" name="TC_CALCULATOR_02" line="19">
<kw name="Setup Browser" library="setup" type="SETUP">
<kw name="Open Browser" library="SeleniumLibrary">
<arg>${url}</arg>
<arg>${browserName}</arg>
<doc>Opens a new browser instance to the optional ``url``.</doc>
<msg timestamp="20231228 12:50:21.552" level="INFO">Opening browser 'chrome' to base url 'https://gor-pathology.web.app/'.</msg>
<status status="PASS" starttime="20231228 12:50:21.551" endtime="20231228 12:50:28.849"/>
</kw>
<status status="PASS" starttime="20231228 12:50:21.551" endtime="20231228 12:50:28.849"/>
</kw>
<kw name="Login with valid credetials" library="loginPage">
<doc>login with valid credentials</doc>
<kw name="Enter valid username" library="loginPage">
<kw name="Wait Until Element Is Visible" library="SeleniumLibrary">
<arg>${usernameField}</arg>
<arg>5s</arg>
<doc>Waits until the element ``locator`` is visible.</doc>
<status status="PASS" starttime="20231228 12:50:28.851" endtime="20231228 12:50:28.874"/>
</kw>
<kw name="Input Text" library="SeleniumLibrary">
<arg>${usernameField}</arg>
<arg>${validUsername}</arg>
<doc>Types the given ``text`` into the text field identified by ``locator``.</doc>
<msg timestamp="20231228 12:50:28.874" level="INFO">Typing text 'test@kennect.io' into text field 'xpath=//input[@name="email"]'.</msg>
<status status="PASS" starttime="20231228 12:50:28.874" endtime="20231228 12:50:28.999"/>
</kw>
<status status="PASS" starttime="20231228 12:50:28.850" endtime="20231228 12:50:29.000"/>
</kw>
<kw name="Enter valid Password" library="loginPage">
<kw name="Wait Until Element Is Visible" library="SeleniumLibrary">
<arg>${passwordField}</arg>
<arg>5s</arg>
<doc>Waits until the element ``locator`` is visible.</doc>
<status status="PASS" starttime="20231228 12:50:29.000" endtime="20231228 12:50:29.016"/>
</kw>
<kw name="Input Text" library="SeleniumLibrary">
<arg>${passwordField}</arg>
<arg>${validPassword}</arg>
<doc>Types the given ``text`` into the text field identified by ``locator``.</doc>
<msg timestamp="20231228 12:50:29.017" level="INFO">Typing text 'Qwerty@1234' into text field 'xpath=//input[@name="password"]'.</msg>
<status status="PASS" starttime="20231228 12:50:29.016" endtime="20231228 12:50:29.086"/>
</kw>
<status status="PASS" starttime="20231228 12:50:29.000" endtime="20231228 12:50:29.087"/>
</kw>
<kw name="Click Login Button" library="loginPage">
<kw name="Wait Until Element Is Visible" library="SeleniumLibrary">
<arg>${loginButton}</arg>
<arg>5s</arg>
<doc>Waits until the element ``locator`` is visible.</doc>
<status status="PASS" starttime="20231228 12:50:29.087" endtime="20231228 12:50:29.100"/>
</kw>
<kw name="Click Element" library="SeleniumLibrary">
<arg>${loginButton}</arg>
<doc>Click the element identified by ``locator``.</doc>
<msg timestamp="20231228 12:50:29.101" level="INFO">Clicking element 'xpath=//span[text()="Login"]'.</msg>
<status status="PASS" starttime="20231228 12:50:29.100" endtime="20231228 12:50:29.134"/>
</kw>
<kw name="Sleep" library="BuiltIn">
<arg>5s</arg>
<doc>Pauses the test executed for the given time.</doc>
<msg timestamp="20231228 12:50:34.135" level="INFO">Slept 5 seconds</msg>
<status status="PASS" starttime="20231228 12:50:29.134" endtime="20231228 12:50:34.135"/>
</kw>
<status status="PASS" starttime="20231228 12:50:29.087" endtime="20231228 12:50:34.135"/>
</kw>
<status status="PASS" starttime="20231228 12:50:28.850" endtime="20231228 12:50:34.135"/>
</kw>
<kw name="Extract required information from excel" library="Dashboard">
<arg>tc calculator</arg>
<arg>TC_CALCULATOR_01_DATA02</arg>
<kw name="Read data from Excel" library="ExcelLib">
<var>${tesName}</var>
<var>${discount}</var>
<var>${subtotal}</var>
<var>${total}</var>
<arg>${sheetName}</arg>
<arg>${tc_Name}</arg>
<kw name="Open Excel" library="ExcelUtil">
<arg>TestData/TestData.xlsx</arg>
<doc>Open excel file
Arguments:
    | File             | Filename with fullpath to open and test upon        |</doc>
<status status="PASS" starttime="20231228 12:50:34.137" endtime="20231228 12:50:34.143"/>
</kw>
<kw name="Get Row Count" library="ExcelUtil">
<var>${rowCount}</var>
<arg>${sheetName}</arg>
<doc>Return the Row count of the given sheet
Example:
| Open Excel      |  C:\Data\ExcelTest.xlsx  |
| Get Row count     |  Sheet1 |</doc>
<msg timestamp="20231228 12:50:34.144" level="INFO">${rowCount} = 4</msg>
<status status="PASS" starttime="20231228 12:50:34.143" endtime="20231228 12:50:34.144"/>
</kw>
<kw name="Log" library="BuiltIn">
<arg>${rowCount}</arg>
<doc>Logs the given message with the given level.</doc>
<msg timestamp="20231228 12:50:34.145" level="INFO">4</msg>
<status status="PASS" starttime="20231228 12:50:34.144" endtime="20231228 12:50:34.145"/>
</kw>
<kw name="Get Column Count" library="ExcelUtil">
<var>${columnCount}</var>
<arg>${sheetName}</arg>
<doc>Return the column count of the given sheet
Example:
| Open Excel      |  C:\Data\ExcelTest.xlsx  |
| Get Column count     |  Sheet1 |</doc>
<msg timestamp="20231228 12:50:34.145" level="INFO">${columnCount} = 5</msg>
<status status="PASS" starttime="20231228 12:50:34.145" endtime="20231228 12:50:34.145"/>
</kw>
<for flavor="IN RANGE">
<var>${rowIndex}</var>
<value>2</value>
<value>${rowCount}</value>
<iter>
<var name="${rowIndex}">2</var>
<kw name="Read Cell Data By Coordinates" library="ExcelUtil">
<var>${tcN}</var>
<arg>${sheetName}</arg>
<arg>${rowIndex}</arg>
<arg>1</arg>
<doc>Return the value of a cell by giving the sheetname, row value &amp; column value
Example:
| Read Cell Data By Coordinates     |  SheetName | Row Number |  Column Number  |
| Read Cell Data By Coordinates     |  Sheet1 |  1  |  1  |
 To pass integer arguments
| Read Cell Data By Coordinates     |  Sheet1 |  ${1}  |  ${3}  |</doc>
<msg timestamp="20231228 12:50:34.148" level="INFO">${tcN} = TC_CALCULATOR_01_DATA01</msg>
<status status="PASS" starttime="20231228 12:50:34.146" endtime="20231228 12:50:34.148"/>
</kw>
<kw name="Log" library="BuiltIn">
<arg>calculated ${tcN} atual ${tc_Name}</arg>
<doc>Logs the given message with the given level.</doc>
<msg timestamp="20231228 12:50:34.150" level="INFO">calculated TC_CALCULATOR_01_DATA01 atual TC_CALCULATOR_01_DATA02</msg>
<status status="PASS" starttime="20231228 12:50:34.148" endtime="20231228 12:50:34.150"/>
</kw>
<if>
<branch type="IF" condition="'${tc_Name}'=='${tcN}'">
<kw name="Get all row information" library="ExcelLib">
<var>${tname}</var>
<var>${dis}</var>
<var>${subt}</var>
<var>${tot}</var>
<arg>${sheetName}</arg>
<arg>${rowIndex}</arg>
<arg>${columnCount}</arg>
<doc>this is to extract all row information</doc>
<status status="NOT RUN" starttime="20231228 12:50:34.151" endtime="20231228 12:50:34.151"/>
</kw>
<status status="NOT RUN" starttime="20231228 12:50:34.150" endtime="20231228 12:50:34.152"/>
</branch>
<status status="PASS" starttime="20231228 12:50:34.150" endtime="20231228 12:50:34.152"/>
</if>
<status status="PASS" starttime="20231228 12:50:34.146" endtime="20231228 12:50:34.152"/>
</iter>
<iter>
<var name="${rowIndex}">3</var>
<kw name="Read Cell Data By Coordinates" library="ExcelUtil">
<var>${tcN}</var>
<arg>${sheetName}</arg>
<arg>${rowIndex}</arg>
<arg>1</arg>
<doc>Return the value of a cell by giving the sheetname, row value &amp; column value
Example:
| Read Cell Data By Coordinates     |  SheetName | Row Number |  Column Number  |
| Read Cell Data By Coordinates     |  Sheet1 |  1  |  1  |
 To pass integer arguments
| Read Cell Data By Coordinates     |  Sheet1 |  ${1}  |  ${3}  |</doc>
<msg timestamp="20231228 12:50:34.153" level="INFO">${tcN} = TC_CALCULATOR_01_DATA02</msg>
<status status="PASS" starttime="20231228 12:50:34.152" endtime="20231228 12:50:34.153"/>
</kw>
<kw name="Log" library="BuiltIn">
<arg>calculated ${tcN} atual ${tc_Name}</arg>
<doc>Logs the given message with the given level.</doc>
<msg timestamp="20231228 12:50:34.154" level="INFO">calculated TC_CALCULATOR_01_DATA02 atual TC_CALCULATOR_01_DATA02</msg>
<status status="PASS" starttime="20231228 12:50:34.153" endtime="20231228 12:50:34.154"/>
</kw>
<if>
<branch type="IF" condition="'${tc_Name}'=='${tcN}'">
<kw name="Get all row information" library="ExcelLib">
<var>${tname}</var>
<var>${dis}</var>
<var>${subt}</var>
<var>${tot}</var>
<arg>${sheetName}</arg>
<arg>${rowIndex}</arg>
<arg>${columnCount}</arg>
<doc>this is to extract all row information</doc>
<kw name="Read Cell Data By Coordinates" library="ExcelUtil">
<var>${TestsName}</var>
<arg>${sheetName}</arg>
<arg>${rowIndex}</arg>
<arg>2</arg>
<doc>Return the value of a cell by giving the sheetname, row value &amp; column value
Example:
| Read Cell Data By Coordinates     |  SheetName | Row Number |  Column Number  |
| Read Cell Data By Coordinates     |  Sheet1 |  1  |  1  |
 To pass integer arguments
| Read Cell Data By Coordinates     |  Sheet1 |  ${1}  |  ${3}  |</doc>
<msg timestamp="20231228 12:50:34.156" level="INFO">${TestsName} = AFP,VITAMIN B12</msg>
<status status="PASS" starttime="20231228 12:50:34.155" endtime="20231228 12:50:34.156"/>
</kw>
<kw name="Read Cell Data By Coordinates" library="ExcelUtil">
<var>${discount}</var>
<arg>${sheetName}</arg>
<arg>${rowIndex}</arg>
<arg>3</arg>
<doc>Return the value of a cell by giving the sheetname, row value &amp; column value
Example:
| Read Cell Data By Coordinates     |  SheetName | Row Number |  Column Number  |
| Read Cell Data By Coordinates     |  Sheet1 |  1  |  1  |
 To pass integer arguments
| Read Cell Data By Coordinates     |  Sheet1 |  ${1}  |  ${3}  |</doc>
<msg timestamp="20231228 12:50:34.157" level="INFO">${discount} = 10%</msg>
<status status="PASS" starttime="20231228 12:50:34.156" endtime="20231228 12:50:34.157"/>
</kw>
<kw name="Read Cell Data By Coordinates" library="ExcelUtil">
<var>${subtotal}</var>
<arg>${sheetName}</arg>
<arg>${rowIndex}</arg>
<arg>4</arg>
<doc>Return the value of a cell by giving the sheetname, row value &amp; column value
Example:
| Read Cell Data By Coordinates     |  SheetName | Row Number |  Column Number  |
| Read Cell Data By Coordinates     |  Sheet1 |  1  |  1  |
 To pass integer arguments
| Read Cell Data By Coordinates     |  Sheet1 |  ${1}  |  ${3}  |</doc>
<msg timestamp="20231228 12:50:34.158" level="INFO">${subtotal} = 1250</msg>
<status status="PASS" starttime="20231228 12:50:34.157" endtime="20231228 12:50:34.158"/>
</kw>
<kw name="Read Cell Data By Coordinates" library="ExcelUtil">
<var>${total}</var>
<arg>${sheetName}</arg>
<arg>${rowIndex}</arg>
<arg>5</arg>
<doc>Return the value of a cell by giving the sheetname, row value &amp; column value
Example:
| Read Cell Data By Coordinates     |  SheetName | Row Number |  Column Number  |
| Read Cell Data By Coordinates     |  Sheet1 |  1  |  1  |
 To pass integer arguments
| Read Cell Data By Coordinates     |  Sheet1 |  ${1}  |  ${3}  |</doc>
<msg timestamp="20231228 12:50:34.159" level="INFO">${total} = 1125</msg>
<status status="PASS" starttime="20231228 12:50:34.158" endtime="20231228 12:50:34.159"/>
</kw>
<msg timestamp="20231228 12:50:34.160" level="INFO">${tname} = AFP,VITAMIN B12</msg>
<msg timestamp="20231228 12:50:34.160" level="INFO">${dis} = 10%</msg>
<msg timestamp="20231228 12:50:34.160" level="INFO">${subt} = 1250</msg>
<msg timestamp="20231228 12:50:34.160" level="INFO">${tot} = 1125</msg>
<status status="PASS" starttime="20231228 12:50:34.155" endtime="20231228 12:50:34.161"/>
</kw>
<status status="PASS" starttime="20231228 12:50:34.154" endtime="20231228 12:50:34.161"/>
</branch>
<status status="PASS" starttime="20231228 12:50:34.154" endtime="20231228 12:50:34.161"/>
</if>
<status status="PASS" starttime="20231228 12:50:34.152" endtime="20231228 12:50:34.161"/>
</iter>
<status status="PASS" starttime="20231228 12:50:34.146" endtime="20231228 12:50:34.161"/>
</for>
<msg timestamp="20231228 12:50:34.162" level="INFO">${tesName} = AFP,VITAMIN B12</msg>
<msg timestamp="20231228 12:50:34.162" level="INFO">${discount} = 10%</msg>
<msg timestamp="20231228 12:50:34.162" level="INFO">${subtotal} = 1250</msg>
<msg timestamp="20231228 12:50:34.163" level="INFO">${total} = 1125</msg>
<status status="PASS" starttime="20231228 12:50:34.137" endtime="20231228 12:50:34.163"/>
</kw>
<kw name="Set Global Variable" library="BuiltIn">
<arg>${tesName}</arg>
<doc>Makes a variable available globally in all tests and suites.</doc>
<msg timestamp="20231228 12:50:34.164" level="INFO">${tesName} = AFP,VITAMIN B12</msg>
<status status="PASS" starttime="20231228 12:50:34.163" endtime="20231228 12:50:34.165"/>
</kw>
<kw name="Set Global Variable" library="BuiltIn">
<arg>${discount}</arg>
<doc>Makes a variable available globally in all tests and suites.</doc>
<msg timestamp="20231228 12:50:34.168" level="INFO">${discount} = 10%</msg>
<status status="PASS" starttime="20231228 12:50:34.166" endtime="20231228 12:50:34.168"/>
</kw>
<status status="PASS" starttime="20231228 12:50:34.136" endtime="20231228 12:50:34.168"/>
</kw>
<kw name="Fill information into tests input" library="Dashboard">
<doc>this keyword is use to enter information into caclculator testsinputs</doc>
<kw name="Wait Until Element Is Visible" library="SeleniumLibrary">
<arg>${testCalculatortestInput}</arg>
<arg>20s</arg>
<doc>Waits until the element ``locator`` is visible.</doc>
<status status="PASS" starttime="20231228 12:50:34.171" endtime="20231228 12:50:34.272"/>
</kw>
<kw name="Destructure Names" library="selection">
<var>@{testnames}</var>
<arg>${tName}</arg>
<msg timestamp="20231228 12:50:34.274" level="INFO">@{testnames} = [ AFP | VITAMIN B12 ]</msg>
<status status="PASS" starttime="20231228 12:50:34.274" endtime="20231228 12:50:34.275"/>
</kw>
<for flavor="IN">
<var>${TESTname}</var>
<value>@{testnames}</value>
<iter>
<var name="${TESTname}">AFP</var>
<kw name="Input Text" library="SeleniumLibrary">
<arg>${testCalculatortestInput}</arg>
<arg>${TESTName}</arg>
<doc>Types the given ``text`` into the text field identified by ``locator``.</doc>
<msg timestamp="20231228 12:50:34.276" level="INFO">Typing text 'AFP' into text field 'xpath=//input[@id="patient-test"]'.</msg>
<status status="PASS" starttime="20231228 12:50:34.276" endtime="20231228 12:50:34.726"/>
</kw>
<kw name="Sleep" library="BuiltIn">
<arg>5s</arg>
<doc>Pauses the test executed for the given time.</doc>
<msg timestamp="20231228 12:50:39.727" level="INFO">Slept 5 seconds</msg>
<status status="PASS" starttime="20231228 12:50:34.727" endtime="20231228 12:50:39.727"/>
</kw>
<kw name="Click Element" library="SeleniumLibrary">
<arg>${testsinputs}</arg>
<doc>Click the element identified by ``locator``.</doc>
<msg timestamp="20231228 12:50:39.729" level="INFO">Clicking element 'xpath=//li[@id="patient-test-option-0"]'.</msg>
<status status="PASS" starttime="20231228 12:50:39.727" endtime="20231228 12:50:39.797"/>
</kw>
<status status="PASS" starttime="20231228 12:50:34.275" endtime="20231228 12:50:39.797"/>
</iter>
<iter>
<var name="${TESTname}">VITAMIN B12</var>
<kw name="Input Text" library="SeleniumLibrary">
<arg>${testCalculatortestInput}</arg>
<arg>${TESTName}</arg>
<doc>Types the given ``text`` into the text field identified by ``locator``.</doc>
<msg timestamp="20231228 12:50:39.798" level="INFO">Typing text 'VITAMIN B12' into text field 'xpath=//input[@id="patient-test"]'.</msg>
<status status="PASS" starttime="20231228 12:50:39.797" endtime="20231228 12:50:39.887"/>
</kw>
<kw name="Sleep" library="BuiltIn">
<arg>5s</arg>
<doc>Pauses the test executed for the given time.</doc>
<msg timestamp="20231228 12:50:44.888" level="INFO">Slept 5 seconds</msg>
<status status="PASS" starttime="20231228 12:50:39.887" endtime="20231228 12:50:44.888"/>
</kw>
<kw name="Click Element" library="SeleniumLibrary">
<arg>${testsinputs}</arg>
<doc>Click the element identified by ``locator``.</doc>
<msg timestamp="20231228 12:50:44.889" level="INFO">Clicking element 'xpath=//li[@id="patient-test-option-0"]'.</msg>
<status status="PASS" starttime="20231228 12:50:44.888" endtime="20231228 12:50:44.953"/>
</kw>
<status status="PASS" starttime="20231228 12:50:39.797" endtime="20231228 12:50:44.954"/>
</iter>
<status status="PASS" starttime="20231228 12:50:34.275" endtime="20231228 12:50:44.954"/>
</for>
<kw name="Click Element" library="SeleniumLibrary">
<arg>//div[@class="MuiSelect-root MuiSelect-select MuiSelect-selectMenu MuiSelect-outlined MuiInputBase-input MuiOutlinedInput-input"]</arg>
<doc>Click the element identified by ``locator``.</doc>
<msg timestamp="20231228 12:50:44.955" level="INFO">Clicking element '//div[@class="MuiSelect-root MuiSelect-select MuiSelect-selectMenu MuiSelect-outlined MuiInputBase-input MuiOutlinedInput-input"]'.</msg>
<status status="PASS" starttime="20231228 12:50:44.954" endtime="20231228 12:50:45.022"/>
</kw>
<kw name="Click Element" library="SeleniumLibrary">
<arg>//li[@class="MuiButtonBase-root MuiListItem-root MuiMenuItem-root MuiMenuItem-gutters MuiListItem-gutters MuiListItem-button" and @data-value="5"]</arg>
<doc>Click the element identified by ``locator``.</doc>
<msg timestamp="20231228 12:50:45.022" level="INFO">Clicking element '//li[@class="MuiButtonBase-root MuiListItem-root MuiMenuItem-root MuiMenuItem-gutters MuiListItem-gutters MuiListItem-button" and @data-value="5"]'.</msg>
<status status="PASS" starttime="20231228 12:50:45.022" endtime="20231228 12:50:45.100"/>
</kw>
<status status="PASS" starttime="20231228 12:50:34.170" endtime="20231228 12:50:45.100"/>
</kw>
<status status="PASS" starttime="20231228 12:50:21.550" endtime="20231228 12:50:45.101"/>
</test>
<status status="FAIL" starttime="20231228 12:50:06.275" endtime="20231228 12:50:45.103"/>
</suite>
<status status="FAIL" starttime="20231228 12:49:28.034" endtime="20231228 12:50:45.106"/>
</suite>
<statistics>
<total>
<stat pass="3" fail="1" skip="0">All Tests</stat>
</total>
<tag>
</tag>
<suite>
<stat pass="3" fail="1" skip="0" id="s1" name="PathologyLab">PathologyLab</stat>
<stat pass="2" fail="0" skip="0" id="s1-s1" name="loginTest">PathologyLab.loginTest</stat>
<stat pass="1" fail="1" skip="0" id="s1-s2" name="TestCalculator">PathologyLab.TestCalculator</stat>
</suite>
</statistics>
<errors>
</errors>
</robot>
